2011-04-12 10:55:17 Notice: Notice (1024): Please change the value of 'Security.salt' in app/config/core.php to a salt value specific to your application in [/home/lestat/public_html/lxp/cake/libs/debugger.php, line 684]
2011-04-12 10:55:17 Notice: Notice (1024): Please change the value of 'Security.cipherSeed' in app/config/core.php to a numeric (digits only) seed value specific to your application in [/home/lestat/public_html/lxp/cake/libs/debugger.php, line 688]
2011-04-12 10:55:46 Notice: Notice (1024): Please change the value of 'Security.salt' in app/config/core.php to a salt value specific to your application in [/home/lestat/public_html/lxp/cake/libs/debugger.php, line 684]
2011-04-12 10:55:46 Notice: Notice (1024): Please change the value of 'Security.cipherSeed' in app/config/core.php to a numeric (digits only) seed value specific to your application in [/home/lestat/public_html/lxp/cake/libs/debugger.php, line 688]
2011-04-12 10:56:09 Notice: Notice (1024): Please change the value of 'Security.salt' in app/config/core.php to a salt value specific to your application in [/home/lestat/public_html/lxp/cake/libs/debugger.php, line 684]
2011-04-12 10:56:09 Notice: Notice (1024): Please change the value of 'Security.cipherSeed' in app/config/core.php to a numeric (digits only) seed value specific to your application in [/home/lestat/public_html/lxp/cake/libs/debugger.php, line 688]
2011-04-12 15:42:48 Notice: Notice (1024): Please change the value of 'Security.salt' in app/config/core.php to a salt value specific to your application in [/home/lestat/public_html/lxp/cake/libs/debugger.php, line 684]
2011-04-12 15:42:48 Notice: Notice (1024): Please change the value of 'Security.cipherSeed' in app/config/core.php to a numeric (digits only) seed value specific to your application in [/home/lestat/public_html/lxp/cake/libs/debugger.php, line 688]
2011-04-12 15:43:37 Notice: Notice (1024): Please change the value of 'Security.salt' in app/config/core.php to a salt value specific to your application in [/home/lestat/public_html/lxp/cake/libs/debugger.php, line 684]
2011-04-12 15:43:37 Notice: Notice (1024): Please change the value of 'Security.cipherSeed' in app/config/core.php to a numeric (digits only) seed value specific to your application in [/home/lestat/public_html/lxp/cake/libs/debugger.php, line 688]
2011-04-12 15:53:49 Notice: Notice (1024): Please change the value of 'Security.salt' in app/config/core.php to a salt value specific to your application in [/home/lestat/public_html/lxp/cake/libs/debugger.php, line 684]
2011-04-12 15:53:49 Notice: Notice (1024): Please change the value of 'Security.cipherSeed' in app/config/core.php to a numeric (digits only) seed value specific to your application in [/home/lestat/public_html/lxp/cake/libs/debugger.php, line 688]
2011-04-12 17:26:25 Notice: Notice (1024): Please change the value of 'Security.salt' in app/config/core.php to a salt value specific to your application in [/home/lestat/public_html/lxp/cake/libs/debugger.php, line 684]
2011-04-12 17:26:25 Notice: Notice (1024): Please change the value of 'Security.cipherSeed' in app/config/core.php to a numeric (digits only) seed value specific to your application in [/home/lestat/public_html/lxp/cake/libs/debugger.php, line 688]
2011-04-12 17:34:54 Notice: Notice (1024): Please change the value of 'Security.salt' in app/config/core.php to a salt value specific to your application in [/home/lestat/public_html/lxp/cake/libs/debugger.php, line 684]
2011-04-12 17:34:54 Notice: Notice (1024): Please change the value of 'Security.cipherSeed' in app/config/core.php to a numeric (digits only) seed value specific to your application in [/home/lestat/public_html/lxp/cake/libs/debugger.php, line 688]
2011-04-12 17:36:40 Notice: Notice (8): Undefined index: id in [/home/lestat/public_html/lxp/cake/libs/model/model.php, line 1329]
2011-04-12 17:36:54 Notice: Notice (8): Undefined index: id in [/home/lestat/public_html/lxp/app/views/movies/index.ctp, line 20]
2011-04-12 17:36:54 Notice: Notice (8): Undefined index: id in [/home/lestat/public_html/lxp/app/views/movies/index.ctp, line 21]
2011-04-12 17:36:54 Notice: Notice (8): Undefined index: id in [/home/lestat/public_html/lxp/app/views/movies/index.ctp, line 22]
2011-04-12 17:37:06 Notice: Notice (8): Undefined index: id in [/home/lestat/public_html/lxp/app/views/movies/index.ctp, line 20]
2011-04-12 17:37:06 Notice: Notice (8): Undefined index: id in [/home/lestat/public_html/lxp/app/views/movies/index.ctp, line 21]
2011-04-12 17:37:06 Notice: Notice (8): Undefined index: id in [/home/lestat/public_html/lxp/app/views/movies/index.ctp, line 22]
2011-04-12 17:37:13 Notice: Notice (8): Undefined index: id in [/home/lestat/public_html/lxp/app/views/movies/index.ctp, line 20]
2011-04-12 17:37:13 Notice: Notice (8): Undefined index: id in [/home/lestat/public_html/lxp/app/views/movies/index.ctp, line 21]
2011-04-12 17:37:13 Notice: Notice (8): Undefined index: id in [/home/lestat/public_html/lxp/app/views/movies/index.ctp, line 22]
2011-04-12 17:37:16 Notice: Notice (8): Undefined index: id in [/home/lestat/public_html/lxp/app/views/movies/index.ctp, line 20]
2011-04-12 17:37:16 Notice: Notice (8): Undefined index: id in [/home/lestat/public_html/lxp/app/views/movies/index.ctp, line 21]
2011-04-12 17:37:16 Notice: Notice (8): Undefined index: id in [/home/lestat/public_html/lxp/app/views/movies/index.ctp, line 22]
2011-04-12 17:37:16 Notice: Notice (8): Undefined index: id in [/home/lestat/public_html/lxp/app/views/movies/index.ctp, line 20]
2011-04-12 17:37:16 Notice: Notice (8): Undefined index: id in [/home/lestat/public_html/lxp/app/views/movies/index.ctp, line 21]
2011-04-12 17:37:16 Notice: Notice (8): Undefined index: id in [/home/lestat/public_html/lxp/app/views/movies/index.ctp, line 22]
2011-04-12 17:37:50 Notice: Notice (8): Undefined index: id in [/home/lestat/public_html/lxp/app/views/movies/index.ctp, line 20]
2011-04-12 17:37:50 Notice: Notice (8): Undefined index: id in [/home/lestat/public_html/lxp/app/views/movies/index.ctp, line 21]
2011-04-12 17:37:50 Notice: Notice (8): Undefined index: id in [/home/lestat/public_html/lxp/app/views/movies/index.ctp, line 22]
2011-04-12 17:39:59 Notice: Notice (8): Undefined index: id in [/home/lestat/public_html/lxp/app/views/movies/index.ctp, line 21]
2011-04-12 17:39:59 Notice: Notice (8): Undefined index: id in [/home/lestat/public_html/lxp/app/views/movies/index.ctp, line 22]
2011-04-12 17:39:59 Notice: Notice (8): Undefined index: id in [/home/lestat/public_html/lxp/app/views/movies/index.ctp, line 23]
2011-04-12 17:40:02 Notice: Notice (8): Undefined index: id in [/home/lestat/public_html/lxp/app/views/movies/index.ctp, line 21]
2011-04-12 17:40:02 Notice: Notice (8): Undefined index: id in [/home/lestat/public_html/lxp/app/views/movies/index.ctp, line 22]
2011-04-12 17:40:02 Notice: Notice (8): Undefined index: id in [/home/lestat/public_html/lxp/app/views/movies/index.ctp, line 23]
2011-04-12 17:42:49 Notice: Notice (8): Undefined index: id in [/home/lestat/public_html/lxp/app/views/movies/index.ctp, line 21]
2011-04-12 17:42:49 Notice: Notice (8): Undefined index: id in [/home/lestat/public_html/lxp/app/views/movies/index.ctp, line 22]
2011-04-12 17:42:49 Notice: Notice (8): Undefined index: id in [/home/lestat/public_html/lxp/app/views/movies/index.ctp, line 23]
2011-04-12 17:43:14 Notice: Notice (8): Undefined index: id in [/home/lestat/public_html/lxp/app/views/movies/index.ctp, line 15]
2011-04-12 17:43:14 Notice: Notice (8): Undefined index: id in [/home/lestat/public_html/lxp/app/views/movies/index.ctp, line 21]
2011-04-12 17:43:14 Notice: Notice (8): Undefined index: id in [/home/lestat/public_html/lxp/app/views/movies/index.ctp, line 22]
2011-04-12 17:43:14 Notice: Notice (8): Undefined index: id in [/home/lestat/public_html/lxp/app/views/movies/index.ctp, line 23]
2011-04-12 17:46:06 Notice: Notice (8): Undefined index: id in [/home/lestat/public_html/lxp/app/views/movies/index.ctp, line 21]
2011-04-12 17:46:06 Notice: Notice (8): Undefined index: id in [/home/lestat/public_html/lxp/app/views/movies/index.ctp, line 22]
2011-04-12 17:46:06 Notice: Notice (8): Undefined index: id in [/home/lestat/public_html/lxp/app/views/movies/index.ctp, line 23]
2011-04-12 17:46:17 Notice: Notice (8): Use of undefined constant id - assumed 'id' in [/home/lestat/public_html/lxp/app/views/movies/index.ctp, line 15]
2011-04-12 17:46:17 Notice: Notice (8): Undefined index: id in [/home/lestat/public_html/lxp/app/views/movies/index.ctp, line 15]
2011-04-12 17:46:17 Notice: Notice (8): Undefined index: id in [/home/lestat/public_html/lxp/app/views/movies/index.ctp, line 21]
2011-04-12 17:46:17 Notice: Notice (8): Undefined index: id in [/home/lestat/public_html/lxp/app/views/movies/index.ctp, line 22]
2011-04-12 17:46:17 Notice: Notice (8): Undefined index: id in [/home/lestat/public_html/lxp/app/views/movies/index.ctp, line 23]
2011-04-12 17:46:25 Notice: Notice (8): Undefined index: id in [/home/lestat/public_html/lxp/app/views/movies/index.ctp, line 15]
2011-04-12 17:46:25 Notice: Notice (8): Undefined index: id in [/home/lestat/public_html/lxp/app/views/movies/index.ctp, line 21]
2011-04-12 17:46:25 Notice: Notice (8): Undefined index: id in [/home/lestat/public_html/lxp/app/views/movies/index.ctp, line 22]
2011-04-12 17:46:25 Notice: Notice (8): Undefined index: id in [/home/lestat/public_html/lxp/app/views/movies/index.ctp, line 23]
2011-04-12 17:46:44 Notice: Notice (8): Undefined index: id in [/home/lestat/public_html/lxp/app/views/movies/index.ctp, line 15]
2011-04-12 17:46:44 Notice: Notice (8): Undefined index: id in [/home/lestat/public_html/lxp/app/views/movies/index.ctp, line 21]
2011-04-12 17:46:44 Notice: Notice (8): Undefined index: id in [/home/lestat/public_html/lxp/app/views/movies/index.ctp, line 22]
2011-04-12 17:46:44 Notice: Notice (8): Undefined index: id in [/home/lestat/public_html/lxp/app/views/movies/index.ctp, line 23]
2011-04-12 17:47:00 Notice: Notice (8): Undefined index: id in [/home/lestat/public_html/lxp/app/views/movies/index.ctp, line 13]
2011-04-12 17:47:00 Notice: Notice (8): Undefined index: id in [/home/lestat/public_html/lxp/app/views/movies/index.ctp, line 15]
2011-04-12 17:47:00 Notice: Notice (8): Undefined index: id in [/home/lestat/public_html/lxp/app/views/movies/index.ctp, line 21]
2011-04-12 17:47:00 Notice: Notice (8): Undefined index: id in [/home/lestat/public_html/lxp/app/views/movies/index.ctp, line 22]
2011-04-12 17:47:00 Notice: Notice (8): Undefined index: id in [/home/lestat/public_html/lxp/app/views/movies/index.ctp, line 23]
2011-04-12 17:47:06 Notice: Notice (8): Undefined offset: 0 in [/home/lestat/public_html/lxp/app/views/movies/index.ctp, line 13]
2011-04-12 17:47:06 Notice: Notice (8): Undefined index: id in [/home/lestat/public_html/lxp/app/views/movies/index.ctp, line 15]
2011-04-12 17:47:06 Notice: Notice (8): Undefined index: id in [/home/lestat/public_html/lxp/app/views/movies/index.ctp, line 21]
2011-04-12 17:47:06 Notice: Notice (8): Undefined index: id in [/home/lestat/public_html/lxp/app/views/movies/index.ctp, line 22]
2011-04-12 17:47:06 Notice: Notice (8): Undefined index: id in [/home/lestat/public_html/lxp/app/views/movies/index.ctp, line 23]
2011-04-12 17:47:19 Notice: Notice (8): Undefined offset: 0 in [/home/lestat/public_html/lxp/app/views/movies/index.ctp, line 13]
2011-04-12 17:47:19 Notice: Notice (8): Undefined index: id in [/home/lestat/public_html/lxp/app/views/movies/index.ctp, line 21]
2011-04-12 17:47:19 Notice: Notice (8): Undefined index: id in [/home/lestat/public_html/lxp/app/views/movies/index.ctp, line 22]
2011-04-12 17:47:19 Notice: Notice (8): Undefined index: id in [/home/lestat/public_html/lxp/app/views/movies/index.ctp, line 23]
2011-04-12 17:47:28 Notice: Notice (8): Undefined offset: 0 in [/home/lestat/public_html/lxp/app/views/movies/index.ctp, line 13]
2011-04-12 17:47:28 Notice: Notice (8): Undefined index: id in [/home/lestat/public_html/lxp/app/views/movies/index.ctp, line 21]
2011-04-12 17:47:28 Notice: Notice (8): Undefined index: id in [/home/lestat/public_html/lxp/app/views/movies/index.ctp, line 22]
2011-04-12 17:47:28 Notice: Notice (8): Undefined index: id in [/home/lestat/public_html/lxp/app/views/movies/index.ctp, line 23]
2011-04-12 17:47:35 Notice: Notice (8): Undefined index: id in [/home/lestat/public_html/lxp/app/views/movies/index.ctp, line 13]
2011-04-12 17:47:35 Notice: Notice (8): Undefined index: id in [/home/lestat/public_html/lxp/app/views/movies/index.ctp, line 21]
2011-04-12 17:47:35 Notice: Notice (8): Undefined index: id in [/home/lestat/public_html/lxp/app/views/movies/index.ctp, line 22]
2011-04-12 17:47:35 Notice: Notice (8): Undefined index: id in [/home/lestat/public_html/lxp/app/views/movies/index.ctp, line 23]
2011-04-12 17:47:46 Notice: Notice (8): Undefined index: uid=33(www-data) gid=33(www-data) groups=33(www-data)
 in [/home/lestat/public_html/lxp/app/views/movies/index.ctp, line 13]
2011-04-12 17:47:46 Notice: Notice (8): Undefined index: id in [/home/lestat/public_html/lxp/app/views/movies/index.ctp, line 21]
2011-04-12 17:47:46 Notice: Notice (8): Undefined index: id in [/home/lestat/public_html/lxp/app/views/movies/index.ctp, line 22]
2011-04-12 17:47:46 Notice: Notice (8): Undefined index: id in [/home/lestat/public_html/lxp/app/views/movies/index.ctp, line 23]
2011-04-12 17:48:03 Notice: Notice (8): Undefined index: id in [/home/lestat/public_html/lxp/app/views/movies/index.ctp, line 21]
2011-04-12 17:48:03 Notice: Notice (8): Undefined index: id in [/home/lestat/public_html/lxp/app/views/movies/index.ctp, line 22]
2011-04-12 17:48:03 Notice: Notice (8): Undefined index: id in [/home/lestat/public_html/lxp/app/views/movies/index.ctp, line 23]
2011-04-12 18:18:39 Notice: Notice (8): Undefined index: id in [/home/lestat/public_html/lxp/app/views/movies/index.ctp, line 21]
2011-04-12 18:18:39 Notice: Notice (8): Undefined index: id in [/home/lestat/public_html/lxp/app/views/movies/index.ctp, line 22]
2011-04-12 18:18:39 Notice: Notice (8): Undefined index: id in [/home/lestat/public_html/lxp/app/views/movies/index.ctp, line 23]
2011-04-13 10:10:35 Notice: Notice (8): Undefined index: id in [/home/lestat/public_html/lxp/app/views/movies/index.ctp, line 21]
2011-04-13 10:10:35 Notice: Notice (8): Undefined index: id in [/home/lestat/public_html/lxp/app/views/movies/index.ctp, line 22]
2011-04-13 10:10:35 Notice: Notice (8): Undefined index: id in [/home/lestat/public_html/lxp/app/views/movies/index.ctp, line 23]
2011-04-13 10:25:08 Notice: Notice (8): Undefined index: id in [/home/lestat/public_html/lxp/app/views/movies/index.ctp, line 21]
2011-04-13 10:25:08 Notice: Notice (8): Undefined index: id in [/home/lestat/public_html/lxp/app/views/movies/index.ctp, line 22]
2011-04-13 10:25:08 Notice: Notice (8): Undefined index: id in [/home/lestat/public_html/lxp/app/views/movies/index.ctp, line 23]
2011-04-13 10:26:29 Notice: Notice (8): Undefined index: id in [/home/lestat/public_html/lxp/app/views/movies/index.ctp, line 21]
2011-04-13 10:26:29 Notice: Notice (8): Undefined index: id in [/home/lestat/public_html/lxp/app/views/movies/index.ctp, line 22]
2011-04-13 10:26:29 Notice: Notice (8): Undefined index: id in [/home/lestat/public_html/lxp/app/views/movies/index.ctp, line 23]
2011-04-13 11:24:17 Notice: Notice (1024): Please change the value of 'Security.salt' in app/config/core.php to a salt value specific to your application in [/Users/lestat/Sites/lxp/cake/libs/debugger.php, line 684]
2011-04-13 11:24:17 Notice: Notice (1024): Please change the value of 'Security.cipherSeed' in app/config/core.php to a numeric (digits only) seed value specific to your application in [/Users/lestat/Sites/lxp/cake/libs/debugger.php, line 688]
